2025-09-21 20:57:46,297 [INFO] Activator:177 - 


2025-09-21 20:57:46,298 [INFO] Activator:178 - !SESSION log4j initialized
2025-09-21 20:57:48,847 [ERROR] LogOutputStream:74 - [STDERR_REDIRECT] Managed Build system manifest file error: Option com.st.stm32cube.ide.mcu.debug.option.cpuclock.333095747 uses a null category that is invalid in its context. The option was ignored.
2025-09-21 20:57:48,918 [ERROR] LogOutputStream:74 - [STDERR_REDIRECT] Managed Build system manifest file error: Option com.st.stm32cube.ide.mcu.debug.option.cpuclock.1025173561 uses a null category that is invalid in its context. The option was ignored.
2025-09-21 20:57:56,751 [ERROR] LogOutputStream:74 - [STDERR_REDIRECT] Managed Build system manifest file error: Option com.st.stm32cube.ide.mcu.debug.option.cpuclock.1025169932 uses a null category that is invalid in its context. The option was ignored.
2025-09-21 20:57:56,789 [ERROR] LogOutputStream:74 - [STDERR_REDIRECT] Managed Build system manifest file error: Option com.st.stm32cube.ide.mcu.debug.option.cpuclock.908825343 uses a null category that is invalid in its context. The option was ignored.
2025-09-21 20:58:11,599 [ERROR] LogOutputStream:74 - [STDERR_REDIRECT] SLF4J: Failed to load class "org.slf4j.impl.StaticLoggerBinder".
2025-09-21 20:58:11,600 [ERROR] LogOutputStream:74 - [STDERR_REDIRECT] SLF4J: Defaulting to no-operation (NOP) logger implementation
2025-09-21 20:58:11,601 [ERROR] LogOutputStream:74 - [STDERR_REDIRECT] SLF4J: See http://www.slf4j.org/codes.html#StaticLoggerBinder for further details.
2025-09-21 20:59:53,388 [ERROR] LogOutputStream:74 - [STDERR_REDIRECT] Managed Build system manifest file error: Option com.st.stm32cube.ide.mcu.debug.option.cpuclock.1025169932 uses a null category that is invalid in its context. The option was ignored.
2025-09-21 20:59:53,400 [ERROR] LogOutputStream:74 - [STDERR_REDIRECT] Managed Build system manifest file error: Option com.st.stm32cube.ide.mcu.debug.option.cpuclock.908825343 uses a null category that is invalid in its context. The option was ignored.
2025-09-21 21:00:01,362 [ERROR] LogOutputStream:74 - [STDERR_REDIRECT] Managed Build system manifest file error: Option com.st.stm32cube.ide.mcu.debug.option.cpuclock.1025169932 uses a null category that is invalid in its context. The option was ignored.
2025-09-21 21:00:01,366 [ERROR] LogOutputStream:74 - [STDERR_REDIRECT] Managed Build system manifest file error: Option com.st.stm32cube.ide.mcu.debug.option.cpuclock.908825343 uses a null category that is invalid in its context. The option was ignored.
2025-09-21 21:00:20,749 [ERROR] LogOutputStream:74 - [STDERR_REDIRECT] Managed Build system manifest file error: Option com.st.stm32cube.ide.mcu.debug.option.cpuclock.1025169932 uses a null category that is invalid in its context. The option was ignored.
2025-09-21 21:00:20,753 [ERROR] LogOutputStream:74 - [STDERR_REDIRECT] Managed Build system manifest file error: Option com.st.stm32cube.ide.mcu.debug.option.cpuclock.908825343 uses a null category that is invalid in its context. The option was ignored.
2025-09-21 21:01:58,906 [ERROR] LogOutputStream:74 - [STDERR_REDIRECT] Managed Build system manifest file error: Option com.st.stm32cube.ide.mcu.debug.option.cpuclock.1025169932 uses a null category that is invalid in its context. The option was ignored.
2025-09-21 21:01:58,917 [ERROR] LogOutputStream:74 - [STDERR_REDIRECT] Managed Build system manifest file error: Option com.st.stm32cube.ide.mcu.debug.option.cpuclock.908825343 uses a null category that is invalid in its context. The option was ignored.
2025-09-21 21:02:29,339 [ERROR] LogOutputStream:74 - [STDERR_REDIRECT] Managed Build system manifest file error: Option com.st.stm32cube.ide.mcu.debug.option.cpuclock.1025169932 uses a null category that is invalid in its context. The option was ignored.
2025-09-21 21:02:29,343 [ERROR] LogOutputStream:74 - [STDERR_REDIRECT] Managed Build system manifest file error: Option com.st.stm32cube.ide.mcu.debug.option.cpuclock.908825343 uses a null category that is invalid in its context. The option was ignored.
2025-09-21 21:02:34,023 [ERROR] LogOutputStream:74 - [STDERR_REDIRECT] Managed Build system manifest file error: Option com.st.stm32cube.ide.mcu.debug.option.cpuclock.1025169932 uses a null category that is invalid in its context. The option was ignored.
2025-09-21 21:02:34,028 [ERROR] LogOutputStream:74 - [STDERR_REDIRECT] Managed Build system manifest file error: Option com.st.stm32cube.ide.mcu.debug.option.cpuclock.908825343 uses a null category that is invalid in its context. The option was ignored.
2025-09-21 21:02:39,138 [ERROR] LogOutputStream:74 - [STDERR_REDIRECT] Managed Build system manifest file error: Option com.st.stm32cube.ide.mcu.debug.option.cpuclock.1025169932 uses a null category that is invalid in its context. The option was ignored.
2025-09-21 21:02:39,142 [ERROR] LogOutputStream:74 - [STDERR_REDIRECT] Managed Build system manifest file error: Option com.st.stm32cube.ide.mcu.debug.option.cpuclock.908825343 uses a null category that is invalid in its context. The option was ignored.
2025-09-21 21:02:47,629 [ERROR] LogOutputStream:74 - [STDERR_REDIRECT] Managed Build system manifest file error: Option com.st.stm32cube.ide.mcu.debug.option.cpuclock.1025169932 uses a null category that is invalid in its context. The option was ignored.
2025-09-21 21:02:47,633 [ERROR] LogOutputStream:74 - [STDERR_REDIRECT] Managed Build system manifest file error: Option com.st.stm32cube.ide.mcu.debug.option.cpuclock.908825343 uses a null category that is invalid in its context. The option was ignored.
